17:52:08.24 [Worker-11] INFO  o.a.AndroidAnnotationProcessor:83 - Initialize AndroidAnnotations 3.3.2 with options {phase=BUILD}
17:52:08.246 [Worker-11] INFO  o.a.AndroidAnnotationProcessor:83 - Initialize AndroidAnnotations 3.3.2 with options {phase=BUILD}
17:52:50.380 [Worker-3] INFO  o.a.AndroidAnnotationProcessor:83 - Initialize AndroidAnnotations 3.3.2 with options {phase=BUILD}
17:53:11.474 [Worker-10] INFO  o.a.AndroidAnnotationProcessor:83 - Initialize AndroidAnnotations 3.3.2 with options {phase=BUILD}
17:53:51.372 [Worker-18] INFO  o.a.AndroidAnnotationProcessor:83 - Initialize AndroidAnnotations 3.3.2 with options {phase=BUILD}
17:55:01.4 [Worker-11] INFO  o.a.AndroidAnnotationProcessor:83 - Initialize AndroidAnnotations 3.3.2 with options {phase=BUILD}
17:55:01.7 [Worker-11] INFO  o.a.AndroidAnnotationProcessor:107 - Start processing for 1 annotations on 1 elements
17:55:01.12 [Worker-11] DEBUG o.a.h.AndroidManifestFinder:137 - AndroidManifest.xml file found in parent folder D:\工作空间\AndroidAnnotationsTest: D:\工作空间\AndroidAnnotationsTest\AndroidManifest.xml
17:55:01.15 [Worker-11] INFO  o.a.AndroidAnnotationProcessor:170 - AndroidManifest.xml found: AndroidManifest [applicationPackage=com.example.androidannotationstest, componentQualifiedNames=[com.example.androidannotationstest.MainActivity_], permissionQualifiedNames=[], applicationClassName=null, libraryProject=false, debugabble=false, minSdkVersion=11, maxSdkVersion=-1, targetSdkVersion=19]
17:55:01.16 [Worker-11] INFO  o.a.r.ProjectRClassFinder:50 - Found project R class: com.example.androidannotationstest.R
17:55:01.22 [Worker-11] INFO  o.a.r.AndroidRClassFinder:44 - Found Android class: android.R
17:55:01.42 [Worker-11] INFO  o.a.p.ModelValidator:42 - Validating elements
17:55:01.43 [Worker-11] DEBUG o.a.p.ModelValidator:62 - Validating with EActivityHandler: [com.example.androidannotationstest.MainActivity]
17:55:01.56 [Worker-11] INFO  o.a.p.ModelProcessor:74 - Processing root elements
17:55:01.57 [Worker-11] DEBUG o.a.p.ModelProcessor:176 - Processing root elements EActivityHandler: [com.example.androidannotationstest.MainActivity]
17:55:01.102 [Worker-11] INFO  o.a.p.ModelProcessor:86 - Processing enclosed elements
17:55:01.103 [Worker-11] INFO  o.a.AndroidAnnotationProcessor:249 - Number of files generated by AndroidAnnotations: 1
17:55:01.106 [Worker-11] INFO  o.a.g.ApiCodeGenerator:52 - Writting following API classes in project: []
17:55:01.108 [Worker-11] DEBUG o.a.g.SourceCodewriter:55 - Generating class: com.example.androidannotationstest.MainActivity_
17:55:01.124 [Worker-11] INFO  o.a.p.TimeStats:81 - Time measurements: [Whole Processing = 117 ms], [Process Annotations = 56 ms], [Generate Sources = 21 ms], [Find R Classes = 16 ms], [Extract Manifest = 5 ms], [Validate Annotations = 5 ms], [Extract Annotations = 2 ms], 
17:55:01.125 [Worker-11] INFO  o.a.AndroidAnnotationProcessor:121 - Finish processing
